0 info it worked if it ends with ok
1 verbose cli [ 'C:\\Program Files (x86)\\nodejs\\node.exe',
1 verbose cli   'C:\\Program Files (x86)\\nodejs\\node_modules\\npm\\bin\\npm-cli.js',
1 verbose cli   'run',
1 verbose cli   'babel' ]
2 info using npm@3.8.6
3 info using node@v6.0.0
4 verbose run-script [ 'prebabel', 'babel', 'postbabel' ]
5 info lifecycle 20170312@1.0.0~prebabel: 20170312@1.0.0
6 silly lifecycle 20170312@1.0.0~prebabel: no script for prebabel, continuing
7 info lifecycle 20170312@1.0.0~babel: 20170312@1.0.0
8 verbose lifecycle 20170312@1.0.0~babel: unsafe-perm in lifecycle true
9 verbose lifecycle 20170312@1.0.0~babel: PATH: C:\Program Files (x86)\nodejs\node_modules\npm\bin\node-gyp-bin;D:\study\15teacher\20170312\node_modules\.bin;C:\Program Files (x86)\nodejs;D:\文件\ImageMagick-7.0.2-Q16;C;\Program Files (x86)\Intel\iCLS Client\;C:\Program Files\Intel\iCLS Client\;C:\windows\system32;C:\windows;C:\windows\System32\Wbem;C:\windows\System32\WindowsPowerShell\v1.0\;C:\Program Files\Intel\Intel(R) Management Engine Components\DAL;C:\Program Files (x86)\Intel\Intel(R) Management Engine Components\DAL;C:\Program Files\Intel\Intel(R) Management Engine Components\IPT;C:\Program Files (x86)\Intel\Intel(R) Management Engine Components\IPT;C:\Program Files (x86)\ATI Technologies\ATI.ACE\Core-Static;C:\Program Files (x86)\Common Files\lenovo\easyplussdk\bin;C:\ProgramData\Lenovo\ReadyApps;D:\文件\珠峰培训\Git\cmd;D:\文件\珠峰培训\Git\bin;C:\Program Files (x86)\nodejs\;C:\Users\lenovo\AppData\Roaming\npm
10 verbose lifecycle 20170312@1.0.0~babel: CWD: D:\study\15teacher\20170312
11 silly lifecycle 20170312@1.0.0~babel: Args: [ '/d /s /c', 'datal js/index.js -o js/index.min.js -w' ]
12 silly lifecycle 20170312@1.0.0~babel: Returned: code: 1  signal: null
13 info lifecycle 20170312@1.0.0~babel: Failed to exec babel script
14 verbose stack Error: 20170312@1.0.0 babel: `datal js/index.js -o js/index.min.js -w`
14 verbose stack Exit status 1
14 verbose stack     at EventEmitter.<anonymous> (C:\Program Files (x86)\nodejs\node_modules\npm\lib\utils\lifecycle.js:239:16)
14 verbose stack     at emitTwo (events.js:106:13)
14 verbose stack     at EventEmitter.emit (events.js:191:7)
14 verbose stack     at ChildProcess.<anonymous> (C:\Program Files (x86)\nodejs\node_modules\npm\lib\utils\spawn.js:24:14)
14 verbose stack     at emitTwo (events.js:106:13)
14 verbose stack     at ChildProcess.emit (events.js:191:7)
14 verbose stack     at maybeClose (internal/child_process.js:850:16)
14 verbose stack     at Process.ChildProcess._handle.onexit (internal/child_process.js:215:5)
15 verbose pkgid 20170312@1.0.0
16 verbose cwd D:\study\15teacher\20170312
17 error Windows_NT 6.3.9600
18 error argv "C:\\Program Files (x86)\\nodejs\\node.exe" "C:\\Program Files (x86)\\nodejs\\node_modules\\npm\\bin\\npm-cli.js" "run" "babel"
19 error node v6.0.0
20 error npm  v3.8.6
21 error code ELIFECYCLE
22 error 20170312@1.0.0 babel: `datal js/index.js -o js/index.min.js -w`
22 error Exit status 1
23 error Failed at the 20170312@1.0.0 babel script 'datal js/index.js -o js/index.min.js -w'.
23 error Make sure you have the latest version of node.js and npm installed.
23 error If you do, this is most likely a problem with the 20170312 package,
23 error not with npm itself.
23 error Tell the author that this fails on your system:
23 error     datal js/index.js -o js/index.min.js -w
23 error You can get information on how to open an issue for this project with:
23 error     npm bugs 20170312
23 error Or if that isn't available, you can get their info via:
23 error     npm owner ls 20170312
23 error There is likely additional logging output above.
24 verbose exit [ 1, true ]
